# JRE version: OpenJDK Runtime Environment (11.0.9.1+1) (build 11.0.9.1+1-Ubuntu-0ubuntu1.20.04)
# Java VM: OpenJDK 64-Bit Server VM (11.0.9.1+1-Ubuntu-0ubuntu1.20.04, mixed mode, sharing, tiered, compressed oops, g1 gc, linux-amd64)
Heap:
 garbage-first heap   total 280576K, used 198209K [0x0000000745c00000, 0x0000000800000000)
  region size 1024K, 130 young (133120K), 4 survivors (4096K)
 Metaspace       used 55827K, capacity 71095K, committed 71332K, reserved 1103872K
  class space    used 12702K, capacity 17856K, committed 17960K, reserved 1048576K
GC Heap History (20 events):
Event: 3.364 GC heap before
{Heap before GC invocations=4 (full 0):
 garbage-first heap   total 194560K, used 115683K [0x0000000745c00000, 0x0000000800000000)
  region size 1024K, 112 young (114688K), 9 survivors (9216K)
 Metaspace       used 19273K, capacity 24794K, committed 25008K, reserved 1069056K
  class space    used 4561K, capacity 6085K, committed 6144K, reserved 1048576K
}
Event: 3.379 GC heap after
{Heap after GC invocations=5 (full 0):
 garbage-first heap   total 194560K, used 12107K [0x0000000745c00000, 0x0000000800000000)
  region size 1024K, 8 young (8192K), 8 survivors (8192K)
 Metaspace       used 19273K, capacity 24794K, committed 25008K, reserved 1069056K
  class space    used 4561K, capacity 6085K, committed 6144K, reserved 1048576K
}
Event: 4.006 GC heap before
{Heap before GC invocations=5 (full 0):
 garbage-first heap   total 194560K, used 118603K [0x0000000745c00000, 0x0000000800000000)
  region size 1024K, 112 young (114688K), 8 survivors (8192K)
 Metaspace       used 21326K, capacity 28284K, committed 28464K, reserved 1071104K
  class space    used 5131K, capacity 7255K, committed 7296K, reserved 1048576K
}
Event: 4.014 GC heap after
{Heap after GC invocations=6 (full 0):
 garbage-first heap   total 233472K, used 14003K [0x0000000745c00000, 0x0000000800000000)
  region size 1024K, 7 young (7168K), 7 survivors (7168K)
 Metaspace       used 21326K, capacity 28284K, committed 28464K, reserved 1071104K
  class space    used 5131K, capacity 7255K, committed 7296K, reserved 1048576K
}
Event: 4.785 GC heap before
{Heap before GC invocations=6 (full 0):
 garbage-first heap   total 233472K, used 146099K [0x0000000745c00000, 0x0000000800000000)
  region size 1024K, 136 young (139264K), 7 survivors (7168K)
 Metaspace       used 24417K, capacity 33128K, committed 33200K, reserved 1073152K
  class space    used 6084K, capacity 8915K, committed 8960K, reserved 1048576K
}
Event: 4.792 GC heap after
{Heap after GC invocations=7 (full 0):
 garbage-first heap   total 233472K, used 16589K [0x0000000745c00000, 0x0000000800000000)
  region size 1024K, 9 young (9216K), 9 survivors (9216K)
 Metaspace       used 24417K, capacity 33128K, committed 33200K, reserved 1073152K
  class space    used 6084K, capacity 8915K, committed 8960K, reserved 1048576K
}
Event: 5.120 GC heap before
{Heap before GC invocations=7 (full 0):
 garbage-first heap   total 233472K, used 74957K [0x0000000745c00000, 0x0000000800000000)
  region size 1024K, 67 young (68608K), 9 survivors (9216K)
 Metaspace       used 26116K, capacity 35660K, committed 35708K, reserved 1075200K
  class space    used 6581K, capacity 9675K, committed 9676K, reserved 1048576K
}
Event: 5.134 GC heap after
{Heap after GC invocations=8 (full 0):
 garbage-first heap   total 233472K, used 17613K [0x0000000745c00000, 0x0000000800000000)
  region size 1024K, 10 young (10240K), 10 survivors (10240K)
 Metaspace       used 26116K, capacity 35660K, committed 35708K, reserved 1075200K
  class space    used 6581K, capacity 9675K, committed 9676K, reserved 1048576K
}
Event: 5.917 GC heap before
{Heap before GC invocations=9 (full 0):
 garbage-first heap   total 233472K, used 146637K [0x0000000745c00000, 0x0000000800000000)
  region size 1024K, 136 young (139264K), 10 survivors (10240K)
 Metaspace       used 31457K, capacity 42132K, committed 42184K, reserved 1081344K
  class space    used 7853K, capacity 11336K, committed 11340K, reserved 1048576K
}
Event: 5.926 GC heap after
{Heap after GC invocations=10 (full 0):
 garbage-first heap   total 233472K, used 20418K [0x0000000745c00000, 0x0000000800000000)
  region size 1024K, 11 young (11264K), 11 survivors (11264K)
 Metaspace       used 31457K, capacity 42132K, committed 42184K, reserved 1081344K
  class space    used 7853K, capacity 11336K, committed 11340K, reserved 1048576K
}
Event: 6.266 GC heap before
{Heap before GC invocations=10 (full 0):
 garbage-first heap   total 233472K, used 151490K [0x0000000745c00000, 0x0000000800000000)
  region size 1024K, 136 young (139264K), 11 survivors (11264K)
 Metaspace       used 34189K, capacity 45961K, committed 46024K, reserved 1083392K
  class space    used 8636K, capacity 12583K, committed 12620K, reserved 1048576K
}
Event: 6.276 GC heap after
{Heap after GC invocations=11 (full 0):
 garbage-first heap   total 233472K, used 25869K [0x0000000745c00000, 0x0000000800000000)
  region size 1024K, 11 young (11264K), 11 survivors (11264K)
 Metaspace       used 34189K, capacity 45961K, committed 46024K, reserved 1083392K
  class space    used 8636K, capacity 12583K, committed 12620K, reserved 1048576K
}
Event: 6.594 GC heap before
{Heap before GC invocations=11 (full 0):
 garbage-first heap   total 233472K, used 153869K [0x0000000745c00000, 0x0000000800000000)
  region size 1024K, 136 young (139264K), 11 survivors (11264K)
 Metaspace       used 36433K, capacity 48728K, committed 48968K, reserved 1085440K
  class space    used 9211K, capacity 13405K, committed 13516K, reserved 1048576K
}
Event: 6.605 GC heap after
{Heap after GC invocations=12 (full 0):
 garbage-first heap   total 280576K, used 30894K [0x0000000745c00000, 0x0000000800000000)
  region size 1024K, 12 young (12288K), 12 survivors (12288K)
 Metaspace       used 36433K, capacity 48728K, committed 48968K, reserved 1085440K
  class space    used 9211K, capacity 13405K, committed 13516K, reserved 1048576K
}
Event: 59.260 GC heap before
{Heap before GC invocations=12 (full 0):
 garbage-first heap   total 280576K, used 204974K [0x0000000745c00000, 0x0000000800000000)
  region size 1024K, 164 young (167936K), 12 survivors (12288K)
 Metaspace       used 38348K, capacity 51712K, committed 51912K, reserved 1087488K
  class space    used 9855K, capacity 14404K, committed 14412K, reserved 1048576K
}
Event: 59.287 GC heap after
{Heap after GC invocations=13 (full 0):
 garbage-first heap   total 280576K, used 48076K [0x0000000745c00000, 0x0000000800000000)
  region size 1024K, 21 young (21504K), 21 survivors (21504K)
 Metaspace       used 38348K, capacity 51712K, committed 51912K, reserved 1087488K
  class space    used 9855K, capacity 14404K, committed 14412K, reserved 1048576K
}
Event: 59.967 GC heap before
{Heap before GC invocations=13 (full 0):
 garbage-first heap   total 280576K, used 194508K [0x0000000745c00000, 0x0000000800000000)
  region size 1024K, 164 young (167936K), 21 survivors (21504K)
 Metaspace       used 40163K, capacity 54768K, committed 55112K, reserved 1089536K
  class space    used 10361K, capacity 15212K, committed 15308K, reserved 1048576K
}
Event: 59.981 GC heap after
{Heap after GC invocations=14 (full 0):
 garbage-first heap   total 280576K, used 51348K [0x0000000745c00000, 0x0000000800000000)
  region size 1024K, 4 young (4096K), 4 survivors (4096K)
 Metaspace       used 40163K, capacity 54768K, committed 55112K, reserved 1089536K
  class space    used 10361K, capacity 15212K, committed 15308K, reserved 1048576K
}
Event: 60.517 GC heap before
{Heap before GC invocations=14 (full 0):
 garbage-first heap   total 280576K, used 109716K [0x0000000745c00000, 0x0000000800000000)
  region size 1024K, 62 young (63488K), 4 survivors (4096K)
 Metaspace       used 45500K, capacity 59887K, committed 60068K, reserved 1093632K
  class space    used 11393K, capacity 16322K, committed 16424K, reserved 1048576K
}
Event: 60.525 GC heap after
{Heap after GC invocations=15 (full 0):
 garbage-first heap   total 280576K, used 51777K [0x0000000745c00000, 0x0000000800000000)
  region size 1024K, 4 young (4096K), 4 survivors (4096K)
 Metaspace       used 45500K, capacity 59887K, committed 60068K, reserved 1093632K
  class space    used 11393K, capacity 16322K, committed 16424K, reserved 1048576K
}

